<?xml version="1.0" encoding="UTF-8"?>
<testng-results ignored="0" total="1" passed="1" failed="0" skipped="0">
  <reporter-output>
  </reporter-output>
  <suite started-at="2023-06-24T16:32:33 IST" name="Default suite" finished-at="2023-06-24T16:33:01 IST" duration-ms="27802">
    <groups>
      <group name="cucumber">
        <method signature="AbstractTestNGCucumberTests.runScenario(io.cucumber.testng.PickleWrapper,io.cucumber.testng.FeatureWrapper)[pri:0, instance:bdd.test.testrunner@2034b64c]" name="runScenario" class="io.cucumber.testng.AbstractTestNGCucumberTests"/>
      </group> <!-- cucumber -->
    </groups>
    <test started-at="2023-06-24T16:32:33 IST" name="Default test" finished-at="2023-06-24T16:33:01 IST" duration-ms="27802">
      <class name="bdd.test.testrunner">
        <test-method is-config="true" signature="setUpClass(org.testng.ITestContext)[pri:0, instance:bdd.test.testrunner@2034b64c]" started-at="2023-06-24T16:32:33 IST" name="setUpClass" finished-at="2023-06-24T16:32:34 IST" duration-ms="1741" status="PASS">
          <params>
            <param index="0">
              <value>
                <![CDATA[org.testng.TestRunner@45bf93bb]]>
              </value>
            </param>
          </params>
          <reporter-output>
          </reporter-output>
        </test-method> <!-- setUpClass -->
        <test-method signature="runScenario(io.cucumber.testng.PickleWrapper,io.cucumber.testng.FeatureWrapper)[pri:0, instance:bdd.test.testrunner@2034b64c]" started-at="2023-06-24T16:32:34 IST" name="runScenario" description="Runs Cucumber Scenarios" data-provider="scenarios" finished-at="2023-06-24T16:32:55 IST" duration-ms="20330" status="PASS">
          <params>
            <param index="0">
              <value>
                <![CDATA["google signup"]]>
              </value>
            </param>
            <param index="1">
              <value>
                <![CDATA["creating google account"]]>
              </value>
            </param>
          </params>
          <reporter-output>
          </reporter-output>
        </test-method> <!-- runScenario -->
        <test-method is-config="true" signature="tearDownClass()[pri:0, instance:bdd.test.testrunner@2034b64c]" started-at="2023-06-24T16:32:55 IST" name="tearDownClass" finished-at="2023-06-24T16:33:01 IST" duration-ms="5667" status="PASS">
          <reporter-output>
          </reporter-output>
        </test-method> <!-- tearDownClass -->
      </class> <!-- bdd.test.testrunner -->
    </test> <!-- Default test -->
  </suite> <!-- Default suite -->
</testng-results>
